https://ac.atol.ru
https://lk.atol.ru/#/auth/login
https://uc.atol.ru/login/index.php
https://term.atol.ru/RDWeb/webclient/index.html
https://www.atol.ru
https://online.atol.ru
https://youla.ru
https://www.doski.ru
https://www.unibo.ru
https://www.farpost.ru
https://kupiprodai.ru
https://rudos.ru 

https://www.crpt.ru
https://markirovka.crpt.ru/login-kep
https://milk.crpt.ru/
https://ismp.crpt.ru
https://suzgrid.crpt.ru/login
http://api.mdlp.crpt.ru
http://kb.crpt.ru
http://nrz.api.sb.mdlp.crpt.ru
http://api.sb.mdlp.crpt.ru
ns01.crpt.ru
ns02.crpt.ru
ns03.crpt.ru
https://mail.crpt.ru/owa/auth/logon.aspx?replaceCurrent=1&url=https%3a%2f%2fmail.crpt.ru%2fowa%2f

https://okko.tv 
https://aeroflotbonus.okko.tv 
https://cabinet.okko.tv/login 
https://www.agent.okko.tv/ 
https://agents.okko.tv 
https://premiere.okko.tv/ 
https://show.okko.tv 
https://mimimi.okko.team/ 
https://pobeda.okko.tv 
https://www.ontvtime.ru 
https://www.amediateka.ru 
https://crypt.amediateka.ru   
https://kodiki.amediateka.ru/ 
https://localandroid.amediateka.ru/ 
https://bbb.amediateka.ru/b 
https://rt.amediateka.ru/ 
https://wink.ru 

https://www.1tv.ru/live 
https://cm.1tv.ru/ 
https://tlxmob.1tv.ru/ 
https://25.1tv.ru/ 
https://kino.1tv.ru/ 
https://users.1tv.ru/ 
http://edu.1tv.ru/ 
https://admin.kino.1tv.ru/ 
https://stage.1tv.ru/ 
https://subscr.1tv.ru/ 
https://kino-teatr.ru 
http://m.kino-teatr.ru/ 
https://mt.kino-teatr.ru/ 
